<?xml version="1.0" encoding="UTF-8"?>
<testsuite xmlns:xsi="http://www.w3.org/2001/XMLSchema-instance" xsi:noNamespaceSchemaLocation="https://maven.apache.org/surefire/maven-surefire-plugin/xsd/surefire-test-report.xsd" name="TestSuite" time="56.195" tests="27" errors="0" skipped="10" failures="2">
  <properties>
[...]
</properties>
  <testcase name="setUp" classname="com.DsAlgo.testcases.DataStructurePageTest" time="3.944">
    <failure message="Could not start a new session. Response code 500. Message: unknown error: Chrome failed to start: exited normally.&#10;  (unknown error: DevToolsActivePort file doesn&apos;t exist)&#10;  (The process started from chrome location C:\Program Files\Google\Chrome\Application\chrome.exe is no longer running, so ChromeDriver is assuming that Chrome has crashed.)&#10;Build info: version: &apos;4.3.0&apos;, revision: &apos;a4995e2c09*&apos;&#10;System info: host: &apos;LAVILUCKYLENOVO&apos;, ip: &apos;192.168.1.147&apos;, os.name: &apos;Windows 11&apos;, os.arch: &apos;amd64&apos;, os.version: &apos;10.0&apos;, java.version: &apos;18.0.1.1&apos;&#10;Driver info: org.openqa.selenium.chrome.ChromeDriver&#10;Command: [null, newSession {capabilities=[Capabilities {browserName: chrome, goog:chromeOptions: {args: [], extensions: []}}], desiredCapabilities=Capabilities {browserName: chrome, goog:chromeOptions: {args: [], extensions: []}}}]" type="org.openqa.selenium.SessionNotCreatedException">org.openqa.selenium.SessionNotCreatedException: 
Could not start a new session. Response code 500. Message: unknown error: Chrome failed to start: exited normally.
  (unknown error: DevToolsActivePort file doesn't exist)
  (The process started from chrome location C:\Program Files\Google\Chrome\Application\chrome.exe is no longer running, so ChromeDriver is assuming that Chrome has crashed.)
Build info: version: '4.3.0', revision: 'a4995e2c09*'
System info: host: 'LAVILUCKYLENOVO', ip: '192.168.1.147', os.name: 'Windows 11', os.arch: 'amd64', os.version: '10.0', java.version: '18.0.1.1'
Driver info: org.openqa.selenium.chrome.ChromeDriver
Command: [null, newSession {capabilities=[Capabilities {browserName: chrome, goog:chromeOptions: {args: [], extensions: []}}], desiredCapabilities=Capabilities {browserName: chrome, goog:chromeOptions: {args: [], extensions: []}}}]
	at com.DsAlgo.testcases.DataStructurePageTest.setUp(DataStructurePageTest.java:34)
</failure>
    <system-out><![CDATA[Username from propertiesLeela.dn@gmail.com
]]></system-out>
    <system-err><![CDATA[Starting ChromeDriver 103.0.5060.53 (a1711811edd74ff1cf2150f36ffa3b0dae40b17f-refs/branch-heads/5060@{#853}) on port 55446
Only local connections are allowed.
Please see https://chromedriver.chromium.org/security-considerations for suggestions on keeping ChromeDriver safe.
ChromeDriver was started successfully.
]]></system-err>
  </testcase>
  <testcase name="GetStarted" classname="com.DsAlgo.testcases.DataStructurePageTest" time="0">
    <skipped message="Could not start a new session. Response code 500. Message: unknown error: Chrome failed to start: exited normally.&#10;  (unknown error: DevToolsActivePort file doesn&apos;t exist)&#10;  (The process started from chrome location C:\Program Files\Google\Chrome\Application\chrome.exe is no longer running, so ChromeDriver is assuming that Chrome has crashed.)&#10;Build info: version: &apos;4.3.0&apos;, revision: &apos;a4995e2c09*&apos;&#10;System info: host: &apos;LAVILUCKYLENOVO&apos;, ip: &apos;192.168.1.147&apos;, os.name: &apos;Windows 11&apos;, os.arch: &apos;amd64&apos;, os.version: &apos;10.0&apos;, java.version: &apos;18.0.1.1&apos;&#10;Driver info: org.openqa.selenium.chrome.ChromeDriver&#10;Command: [null, newSession {capabilities=[Capabilities {browserName: chrome, goog:chromeOptions: {args: [], extensions: []}}], desiredCapabilities=Capabilities {browserName: chrome, goog:chromeOptions: {args: [], extensions: []}}}]"/>
  </testcase>
  <testcase name="tearDown" classname="com.DsAlgo.testcases.DataStructurePageTest" time="0">
    <skipped/>
  </testcase>
  <testcase name="tearDown" classname="com.DsAlgo.testcases.DataStructurePageTest" time="0">
    <skipped/>
  </testcase>
  <testcase name="tearDown" classname="com.DsAlgo.testcases.DataStructurePageTest" time="0">
    <skipped/>
  </testcase>
  <testcase name="tearDown" classname="com.DsAlgo.testcases.DataStructurePageTest" time="0">
    <skipped/>
  </testcase>
  <testcase name="tearDown" classname="com.DsAlgo.testcases.DataStructurePageTest" time="0">
    <skipped/>
  </testcase>
  <testcase name="TimeComplexity" classname="com.DsAlgo.testcases.DataStructurePageTest" time="0">
    <skipped message="Could not start a new session. Response code 500. Message: unknown error: Chrome failed to start: exited normally.&#10;  (unknown error: DevToolsActivePort file doesn&apos;t exist)&#10;  (The process started from chrome location C:\Program Files\Google\Chrome\Application\chrome.exe is no longer running, so ChromeDriver is assuming that Chrome has crashed.)&#10;Build info: version: &apos;4.3.0&apos;, revision: &apos;a4995e2c09*&apos;&#10;System info: host: &apos;LAVILUCKYLENOVO&apos;, ip: &apos;192.168.1.147&apos;, os.name: &apos;Windows 11&apos;, os.arch: &apos;amd64&apos;, os.version: &apos;10.0&apos;, java.version: &apos;18.0.1.1&apos;&#10;Driver info: org.openqa.selenium.chrome.ChromeDriver&#10;Command: [null, newSession {capabilities=[Capabilities {browserName: chrome, goog:chromeOptions: {args: [], extensions: []}}], desiredCapabilities=Capabilities {browserName: chrome, goog:chromeOptions: {args: [], extensions: []}}}]"/>
  </testcase>
  <testcase name="PracticeQuestions" classname="com.DsAlgo.testcases.DataStructurePageTest" time="0">
    <skipped message="Could not start a new session. Response code 500. Message: unknown error: Chrome failed to start: exited normally.&#10;  (unknown error: DevToolsActivePort file doesn&apos;t exist)&#10;  (The process started from chrome location C:\Program Files\Google\Chrome\Application\chrome.exe is no longer running, so ChromeDriver is assuming that Chrome has crashed.)&#10;Build info: version: &apos;4.3.0&apos;, revision: &apos;a4995e2c09*&apos;&#10;System info: host: &apos;LAVILUCKYLENOVO&apos;, ip: &apos;192.168.1.147&apos;, os.name: &apos;Windows 11&apos;, os.arch: &apos;amd64&apos;, os.version: &apos;10.0&apos;, java.version: &apos;18.0.1.1&apos;&#10;Driver info: org.openqa.selenium.chrome.ChromeDriver&#10;Command: [null, newSession {capabilities=[Capabilities {browserName: chrome, goog:chromeOptions: {args: [], extensions: []}}], desiredCapabilities=Capabilities {browserName: chrome, goog:chromeOptions: {args: [], extensions: []}}}]"/>
  </testcase>
  <testcase name="loadTryHere1" classname="com.DsAlgo.testcases.DataStructurePageTest" time="0">
    <skipped message="Could not start a new session. Response code 500. Message: unknown error: Chrome failed to start: exited normally.&#10;  (unknown error: DevToolsActivePort file doesn&apos;t exist)&#10;  (The process started from chrome location C:\Program Files\Google\Chrome\Application\chrome.exe is no longer running, so ChromeDriver is assuming that Chrome has crashed.)&#10;Build info: version: &apos;4.3.0&apos;, revision: &apos;a4995e2c09*&apos;&#10;System info: host: &apos;LAVILUCKYLENOVO&apos;, ip: &apos;192.168.1.147&apos;, os.name: &apos;Windows 11&apos;, os.arch: &apos;amd64&apos;, os.version: &apos;10.0&apos;, java.version: &apos;18.0.1.1&apos;&#10;Driver info: org.openqa.selenium.chrome.ChromeDriver&#10;Command: [null, newSession {capabilities=[Capabilities {browserName: chrome, goog:chromeOptions: {args: [], extensions: []}}], desiredCapabilities=Capabilities {browserName: chrome, goog:chromeOptions: {args: [], extensions: []}}}]"/>
  </testcase>
  <testcase name="clickonSignout" classname="com.DsAlgo.testcases.DataStructurePageTest" time="0">
    <skipped message="Could not start a new session. Response code 500. Message: unknown error: Chrome failed to start: exited normally.&#10;  (unknown error: DevToolsActivePort file doesn&apos;t exist)&#10;  (The process started from chrome location C:\Program Files\Google\Chrome\Application\chrome.exe is no longer running, so ChromeDriver is assuming that Chrome has crashed.)&#10;Build info: version: &apos;4.3.0&apos;, revision: &apos;a4995e2c09*&apos;&#10;System info: host: &apos;LAVILUCKYLENOVO&apos;, ip: &apos;192.168.1.147&apos;, os.name: &apos;Windows 11&apos;, os.arch: &apos;amd64&apos;, os.version: &apos;10.0&apos;, java.version: &apos;18.0.1.1&apos;&#10;Driver info: org.openqa.selenium.chrome.ChromeDriver&#10;Command: [null, newSession {capabilities=[Capabilities {browserName: chrome, goog:chromeOptions: {args: [], extensions: []}}], desiredCapabilities=Capabilities {browserName: chrome, goog:chromeOptions: {args: [], extensions: []}}}]"/>
  </testcase>
  <testcase name="GetStarted" classname="com.DsAlgo.testcases.HomePageTest" time="0.34"/>
  <testcase name="verifyHomePageTitleTest" classname="com.DsAlgo.testcases.HomePageTest" time="0.014"/>
  <testcase name="Singin" classname="com.DsAlgo.testcases.LoginPageTest" time="1.11"/>
  <testcase name="takeScreenShotTest" classname="com.DsAlgo.testcases.LoginPageTest" time="0.034">
    <failure message="expected [ NumpyNinja home page title] but found [Login]" type="java.lang.AssertionError">java.lang.AssertionError: expected [ NumpyNinja home page title] but found [Login]
	at com.DsAlgo.testcases.LoginPageTest.takeScreenShotTest(LoginPageTest.java:42)
</failure>
  </testcase>
  <testcase name="loginPage" classname="com.DsAlgo.testcases.LoginPageTest" time="1.385"/>
  <testcase name="GetStarted" classname="com.DsAlgo.testcases.QueuePageTest" time="0.346"/>
  <testcase name="ImplementationofQueueinPython" classname="com.DsAlgo.testcases.QueuePageTest" time="2.362"/>
  <testcase name="loadTryHere1" classname="com.DsAlgo.testcases.QueuePageTest" time="5.429"/>
  <testcase name="Implementationusingarray" classname="com.DsAlgo.testcases.QueuePageTest" time="6.798"/>
  <testcase name="Implementationusingcollectionsdeque" classname="com.DsAlgo.testcases.QueuePageTest" time="6.798"/>
  <testcase name="QueueOperations" classname="com.DsAlgo.testcases.QueuePageTest" time="6.752"/>
  <testcase name="PracticeQuestions" classname="com.DsAlgo.testcases.QueuePageTest" time="2.235"/>
  <testcase name="clickonSignout" classname="com.DsAlgo.testcases.QueuePageTest" time="0.253"/>
  <testcase name="getStarted" classname="com.DsAlgo.testcases.RegisterPageTest" time="0.795"/>
  <testcase name="RegisterPage" classname="com.DsAlgo.testcases.RegisterPageTest" time="4.504"/>
  <testcase name="Register2" classname="com.DsAlgo.testcases.RegisterPageTest" time="0.077"/>
</testsuite>