<?xml version="1.0" encoding="UTF-8"?>
<!-- Generated by org.testng.reporters.JUnitXMLReporter -->
<testsuite ignored="0" hostname="LAVILUCKYLENOVO" failures="0" tests="6" name="DSAlgo Application Test Cases" time="21.731" errors="0" timestamp="2022-09-20T17:49:57 CDT">
  <testcase classname="com.DsAlgo.testcases.Exceldataprovider" name="test1" time="0.0">
    <skipped/>
  </testcase> <!-- test1 -->
  <testcase classname="com.DsAlgo.testcases.DataStructurePageTest" name="GetStarted" time="0.284"/>
  <testcase classname="com.DsAlgo.testcases.DataStructurePageTest" name="TimeComplexity" time="2.313"/>
  <testcase classname="com.DsAlgo.testcases.DataStructurePageTest" name="PracticeQuestions" time="4.246"/>
  <testcase classname="com.DsAlgo.testcases.DataStructurePageTest" name="loadTryHere1" time="5.258"/>
  <testcase classname="com.DsAlgo.testcases.DataStructurePageTest" name="clickonSignout" time="0.298"/>
</testsuite> <!-- DSAlgo Application Test Cases -->
